<?xml version="1.0" encoding="UTF-8"?>
<!-- Generated by org.testng.reporters.JUnitReportReporter -->
<testsuite hostname="Anjali" failures="0" tests="1" name="selenium.NikeTest2_CreateUser" time="8.064" errors="0" timestamp="30 Dec 2022 19:35:52 GMT" skipped="0">
  <testcase classname="selenium.NikeTest2_CreateUser" name="createuser_account" time="8.064"/>
</testsuite> <!-- selenium.NikeTest2_CreateUser -->
